<?xml version="1.0" encoding="UTF-8"?>
<testsuite xmlns:xsi="http://www.w3.org/2001/XMLSchema-instance" xsi:noNamespaceSchemaLocation="https://maven.apache.org/surefire/maven-surefire-plugin/xsd/surefire-test-report.xsd" version="3.0.2" name="com.publicholidays.holiday_fetcher_api.controller.HolidayFetcherControllerTest" time="1.296" tests="3" errors="0" skipped="0" failures="0">
  <properties>
[...]
</properties>
  <testcase name="testGetLastCelebratedHolidays" classname="com.publicholidays.holiday_fetcher_api.controller.HolidayFetcherControllerTest" time="1.248">
    <system-out><![CDATA[19:41:16.517 [main] INFO org.springframework.mock.web.MockServletContext -- Initializing Spring TestDispatcherServlet ''
19:41:16.519 [main] INFO org.springframework.test.web.servlet.TestDispatcherServlet -- Initializing Servlet ''
19:41:16.522 [main] INFO org.springframework.test.web.servlet.TestDispatcherServlet -- Completed initialization in 2 ms
]]></system-out>
  </testcase>
  <testcase name="testGetCommonHolidays" classname="com.publicholidays.holiday_fetcher_api.controller.HolidayFetcherControllerTest" time="0.015">
    <system-out><![CDATA[19:41:16.666 [main] INFO org.springframework.mock.web.MockServletContext -- Initializing Spring TestDispatcherServlet ''
19:41:16.666 [main] INFO org.springframework.test.web.servlet.TestDispatcherServlet -- Initializing Servlet ''
19:41:16.666 [main] INFO org.springframework.test.web.servlet.TestDispatcherServlet -- Completed initialization in 0 ms
]]></system-out>
  </testcase>
  <testcase name="testGetNumberOfHolidaysNotOnWeekends" classname="com.publicholidays.holiday_fetcher_api.controller.HolidayFetcherControllerTest" time="0.016">
    <system-out><![CDATA[19:41:16.681 [main] INFO org.springframework.mock.web.MockServletContext -- Initializing Spring TestDispatcherServlet ''
19:41:16.681 [main] INFO org.springframework.test.web.servlet.TestDispatcherServlet -- Initializing Servlet ''
19:41:16.681 [main] INFO org.springframework.test.web.servlet.TestDispatcherServlet -- Completed initialization in 0 ms
]]></system-out>
  </testcase>
</testsuite>